<?xml version="1.0" encoding="UTF-8"?>
<!-- Generated by org.testng.reporters.JUnitReportReporter -->
<testsuite hostname="LAPTOP-D72R403P" failures="0" tests="1" name="runner.CucumberRunnerTests" time="27.747" errors="0" timestamp="2023-03-24T11:03:48 IST" skipped="0">
  <testcase classname="runner.CucumberRunnerTests" name="runScenario" time="27.747"/>
  <system-out/>
</testsuite> <!-- runner.CucumberRunnerTests -->
